<?xml version="1.0" encoding="UTF-8"?>
<!-- Generated by org.testng.reporters.JUnitReportReporter -->
<testsuite hostname="Ketan" failures="0" tests="2" name="Framework.Tests.MainTest" time="37.585" errors="0" timestamp="2024-03-26T00:25:41 IST" skipped="0">
  <testcase classname="Framework.Tests.MainTest" name="funtion" time="16.687"/>
  <testcase classname="Framework.Tests.MainTest" name="funtion" time="20.898"/>
</testsuite> <!-- Framework.Tests.MainTest -->
